{
  "RSpec": {
    "coverage": {
      "/Users/RA/C5/projects/FarMar/far_mar.rb": [
        1,
        null,
        1,
        null,
        null,
        null,
        1,
        1,
        1,
        1
      ],
      "/Users/RA/C5/projects/FarMar/lib/market.rb": [
        1,
        null,
        null
      ],
      "/Users/RA/C5/projects/FarMar/lib/vendor.rb": [
        1,
        null,
        null
      ],
      "/Users/RA/C5/projects/FarMar/lib/sale.rb": [
        1,
        null,
        null,
        null
      ],
      "/Users/RA/C5/projects/FarMar/lib/product.rb": [
        1,
        null,
        null
      ],
      "/Users/RA/C5/projects/FarMar/specs/product_spec.rb": [
        1,
        null,
        null,
        null,
        1,
        null,
        null,
        null,
        null,
        null,
        1,
        1,
        null,
        null
      ],
      "/Users/RA/C5/projects/FarMar/specs/sale_spec.rb": [
        1,
        1,
        null,
        null,
        null,
        1,
        null,
        null,
        null,
        null,
        null,
        1,
        1,
        null,
        null
      ],
      "/Users/RA/C5/projects/FarMar/specs/vendor_spec.rb": [
        1,
        1,
        null,
        null,
        1,
        null,
        null,
        null,
        1,
        1,
        null,
        null
      ]
    },
    "timestamp": 1457984702
  }
}
